<?xml version="1.0" encoding="UTF-8"?>
<!-- Generated by org.testng.reporters.JUnitXMLReporter -->
<testsuite ignored="0" hostname="DESKTOP-HHC32N0" failures="0" tests="2" name="Default test" time="111.277" errors="0" timestamp="2022-09-16T17:35:14 IST">
  <testcase classname="com.resonance.travel_Test.Travel" name="verifyErrorOnSelectingSameCitiesAsSourceAndDestination" time="16.251"/>
  <testcase classname="com.resonance.travel_Test.Travel" name="verifysearchResultForShoes" time="15.737"/>
</testsuite> <!-- Default test -->
